ERROR - 2024-05-31 02:20:39 --> Error connecting to the database: mysqli_sql_exception: Unknown database 'carrito' in C:\xampp\htdocs\proyecto\carrito\system\Database\MySQLi\Connection.php:186
Stack trace:
#0 C:\xampp\htdocs\proyecto\carrito\system\Database\MySQLi\Connection.php(186): mysqli->real_connect('127.0.0.1', 'root', Object(SensitiveParameterValue), 'carrito', 3306, '', 0)
#1 C:\xampp\htdocs\proyecto\carrito\system\Database\BaseConnection.php(421): CodeIgniter\Database\MySQLi\Connection->connect(false)
#2 C:\xampp\htdocs\proyecto\carrito\system\Database\BaseConnection.php(604): CodeIgniter\Database\BaseConnection->initialize()
#3 C:\xampp\htdocs\proyecto\carrito\app\Controllers\productos.php(11): CodeIgniter\Database\BaseConnection->query('SELECT nombre, ...')
#4 C:\xampp\htdocs\proyecto\carrito\system\CodeIgniter.php(933): App\Controllers\Productos->index()
#5 C:\xampp\htdocs\proyecto\carrito\system\CodeIgniter.php(509): CodeIgniter\CodeIgniter->runController(Object(App\Controllers\Productos))
#6 C:\xampp\htdocs\proyecto\carrito\system\CodeIgniter.php(355): CodeIgniter\CodeIgniter->handleRequest(NULL, Object(Config\Cache), false)
#7 C:\xampp\htdocs\proyecto\carrito\system\Boot.php(312): CodeIgniter\CodeIgniter->run()
#8 C:\xampp\htdocs\proyecto\carrito\system\Boot.php(67): CodeIgniter\Boot::runCodeIgniter(Object(CodeIgniter\CodeIgniter))
#9 C:\xampp\htdocs\proyecto\carrito\public\index.php(56): CodeIgniter\Boot::bootWeb(Object(Config\Paths))
#10 {main}

Next CodeIgniter\Database\Exceptions\DatabaseException: Unknown database 'carrito' in C:\xampp\htdocs\proyecto\carrito\system\Database\MySQLi\Connection.php:231
Stack trace:
#0 C:\xampp\htdocs\proyecto\carrito\system\Database\BaseConnection.php(421): CodeIgniter\Database\MySQLi\Connection->connect(false)
#1 C:\xampp\htdocs\proyecto\carrito\system\Database\BaseConnection.php(604): CodeIgniter\Database\BaseConnection->initialize()
#2 C:\xampp\htdocs\proyecto\carrito\app\Controllers\productos.php(11): CodeIgniter\Database\BaseConnection->query('SELECT nombre, ...')
#3 C:\xampp\htdocs\proyecto\carrito\system\CodeIgniter.php(933): App\Controllers\Productos->index()
#4 C:\xampp\htdocs\proyecto\carrito\system\CodeIgniter.php(509): CodeIgniter\CodeIgniter->runController(Object(App\Controllers\Productos))
#5 C:\xampp\htdocs\proyecto\carrito\system\CodeIgniter.php(355): CodeIgniter\CodeIgniter->handleRequest(NULL, Object(Config\Cache), false)
#6 C:\xampp\htdocs\proyecto\carrito\system\Boot.php(312): CodeIgniter\CodeIgniter->run()
#7 C:\xampp\htdocs\proyecto\carrito\system\Boot.php(67): CodeIgniter\Boot::runCodeIgniter(Object(CodeIgniter\CodeIgniter))
#8 C:\xampp\htdocs\proyecto\carrito\public\index.php(56): CodeIgniter\Boot::bootWeb(Object(Config\Paths))
#9 {main}
CRITICAL - 2024-05-31 02:20:39 --> CodeIgniter\Database\Exceptions\DatabaseException: Unable to connect to the database.
Main connection [MySQLi]: Unknown database 'carrito'
[Method: GET, Route: productos]
in SYSTEMPATH\Database\BaseConnection.php on line 457.
 1 SYSTEMPATH\Database\BaseConnection.php(604): CodeIgniter\Database\BaseConnection->initialize()
 2 APPPATH\Controllers\productos.php(11): CodeIgniter\Database\BaseConnection->query('SELECT nombre, precio, stock FROM productos')
 3 SYSTEMPATH\CodeIgniter.php(933): App\Controllers\Productos->index()
 4 SYSTEMPATH\CodeIgniter.php(509): CodeIgniter\CodeIgniter->runController(Object(App\Controllers\Productos))
 5 SYSTEMPATH\CodeIgniter.php(355): CodeIgniter\CodeIgniter->handleRequest(null, Object(Config\Cache), false)
 6 SYSTEMPATH\Boot.php(312): CodeIgniter\CodeIgniter->run()
 7 SYSTEMPATH\Boot.php(67): CodeIgniter\Boot::runCodeIgniter(Object(CodeIgniter\CodeIgniter))
 8 FCPATH\index.php(56): CodeIgniter\Boot::bootWeb(Object(Config\Paths))
ERROR - 2024-05-31 02:21:37 --> Error connecting to the database: mysqli_sql_exception: Unknown database 'carrito' in C:\xampp\htdocs\proyecto\carrito\system\Database\MySQLi\Connection.php:186
Stack trace:
#0 C:\xampp\htdocs\proyecto\carrito\system\Database\MySQLi\Connection.php(186): mysqli->real_connect('127.0.0.1', 'root', Object(SensitiveParameterValue), 'carrito', 3306, '', 0)
#1 C:\xampp\htdocs\proyecto\carrito\system\Database\BaseConnection.php(421): CodeIgniter\Database\MySQLi\Connection->connect(false)
#2 C:\xampp\htdocs\proyecto\carrito\system\Database\BaseConnection.php(604): CodeIgniter\Database\BaseConnection->initialize()
#3 C:\xampp\htdocs\proyecto\carrito\app\Controllers\productos.php(11): CodeIgniter\Database\BaseConnection->query('SELECT nombre, ...')
#4 C:\xampp\htdocs\proyecto\carrito\system\CodeIgniter.php(933): App\Controllers\Productos->index()
#5 C:\xampp\htdocs\proyecto\carrito\system\CodeIgniter.php(509): CodeIgniter\CodeIgniter->runController(Object(App\Controllers\Productos))
#6 C:\xampp\htdocs\proyecto\carrito\system\CodeIgniter.php(355): CodeIgniter\CodeIgniter->handleRequest(NULL, Object(Config\Cache), false)
#7 C:\xampp\htdocs\proyecto\carrito\system\Boot.php(312): CodeIgniter\CodeIgniter->run()
#8 C:\xampp\htdocs\proyecto\carrito\system\Boot.php(67): CodeIgniter\Boot::runCodeIgniter(Object(CodeIgniter\CodeIgniter))
#9 C:\xampp\htdocs\proyecto\carrito\public\index.php(56): CodeIgniter\Boot::bootWeb(Object(Config\Paths))
#10 {main}

Next CodeIgniter\Database\Exceptions\DatabaseException: Unknown database 'carrito' in C:\xampp\htdocs\proyecto\carrito\system\Database\MySQLi\Connection.php:231
Stack trace:
#0 C:\xampp\htdocs\proyecto\carrito\system\Database\BaseConnection.php(421): CodeIgniter\Database\MySQLi\Connection->connect(false)
#1 C:\xampp\htdocs\proyecto\carrito\system\Database\BaseConnection.php(604): CodeIgniter\Database\BaseConnection->initialize()
#2 C:\xampp\htdocs\proyecto\carrito\app\Controllers\productos.php(11): CodeIgniter\Database\BaseConnection->query('SELECT nombre, ...')
#3 C:\xampp\htdocs\proyecto\carrito\system\CodeIgniter.php(933): App\Controllers\Productos->index()
#4 C:\xampp\htdocs\proyecto\carrito\system\CodeIgniter.php(509): CodeIgniter\CodeIgniter->runController(Object(App\Controllers\Productos))
#5 C:\xampp\htdocs\proyecto\carrito\system\CodeIgniter.php(355): CodeIgniter\CodeIgniter->handleRequest(NULL, Object(Config\Cache), false)
#6 C:\xampp\htdocs\proyecto\carrito\system\Boot.php(312): CodeIgniter\CodeIgniter->run()
#7 C:\xampp\htdocs\proyecto\carrito\system\Boot.php(67): CodeIgniter\Boot::runCodeIgniter(Object(CodeIgniter\CodeIgniter))
#8 C:\xampp\htdocs\proyecto\carrito\public\index.php(56): CodeIgniter\Boot::bootWeb(Object(Config\Paths))
#9 {main}
CRITICAL - 2024-05-31 02:21:37 --> CodeIgniter\Database\Exceptions\DatabaseException: Unable to connect to the database.
Main connection [MySQLi]: Unknown database 'carrito'
[Method: GET, Route: productos]
in SYSTEMPATH\Database\BaseConnection.php on line 457.
 1 SYSTEMPATH\Database\BaseConnection.php(604): CodeIgniter\Database\BaseConnection->initialize()
 2 APPPATH\Controllers\productos.php(11): CodeIgniter\Database\BaseConnection->query('SELECT nombre, precio, stock FROM productos')
 3 SYSTEMPATH\CodeIgniter.php(933): App\Controllers\Productos->index()
 4 SYSTEMPATH\CodeIgniter.php(509): CodeIgniter\CodeIgniter->runController(Object(App\Controllers\Productos))
 5 SYSTEMPATH\CodeIgniter.php(355): CodeIgniter\CodeIgniter->handleRequest(null, Object(Config\Cache), false)
 6 SYSTEMPATH\Boot.php(312): CodeIgniter\CodeIgniter->run()
 7 SYSTEMPATH\Boot.php(67): CodeIgniter\Boot::runCodeIgniter(Object(CodeIgniter\CodeIgniter))
 8 FCPATH\index.php(56): CodeIgniter\Boot::bootWeb(Object(Config\Paths))
