CRITICAL - 2024-06-02 00:57:53 --> ErrorException: Undefined variable $cabezera
[Method: GET, Route: /]
in APPPATH\Views\productos\crear.php on line 1.
 1 APPPATH\Views\productos\crear.php(1): CodeIgniter\Debug\Exceptions->errorHandler(2, 'Undefined variable $cabezera', 'C:\\xampp\\htdocs\\proyecto\\carrito\\app\\Views\\productos\\crear.php', 1)
 2 SYSTEMPATH\View\View.php(234): include('C:\\xampp\\htdocs\\proyecto\\carrito\\app\\Views\\productos\\crear.php')
 3 SYSTEMPATH\View\View.php(237): CodeIgniter\View\View->CodeIgniter\View\{closure}()
 4 SYSTEMPATH\Common.php(1171): CodeIgniter\View\View->render('productos/crear', [], true)
 5 APPPATH\Controllers\Home.php(9): view('productos/crear')
 6 SYSTEMPATH\CodeIgniter.php(933): App\Controllers\Home->index()
 7 SYSTEMPATH\CodeIgniter.php(509): CodeIgniter\CodeIgniter->runController(Object(App\Controllers\Home))
 8 SYSTEMPATH\CodeIgniter.php(355): CodeIgniter\CodeIgniter->handleRequest(null, Object(Config\Cache), false)
 9 SYSTEMPATH\Boot.php(312): CodeIgniter\CodeIgniter->run()
10 SYSTEMPATH\Boot.php(67): CodeIgniter\Boot::runCodeIgniter(Object(CodeIgniter\CodeIgniter))
11 FCPATH\index.php(56): CodeIgniter\Boot::bootWeb(Object(Config\Paths))
CRITICAL - 2024-06-02 01:08:39 --> ErrorException: Undefined variable $cabezera
[Method: GET, Route: /]
in APPPATH\Views\productos\crear.php on line 1.
 1 APPPATH\Views\productos\crear.php(1): CodeIgniter\Debug\Exceptions->errorHandler(2, 'Undefined variable $cabezera', 'C:\\xampp\\htdocs\\proyecto\\carrito\\app\\Views\\productos\\crear.php', 1)
 2 SYSTEMPATH\View\View.php(234): include('C:\\xampp\\htdocs\\proyecto\\carrito\\app\\Views\\productos\\crear.php')
 3 SYSTEMPATH\View\View.php(237): CodeIgniter\View\View->CodeIgniter\View\{closure}()
 4 SYSTEMPATH\Common.php(1171): CodeIgniter\View\View->render('productos/crear', [], true)
 5 APPPATH\Controllers\Home.php(9): view('productos/crear')
 6 SYSTEMPATH\CodeIgniter.php(933): App\Controllers\Home->index()
 7 SYSTEMPATH\CodeIgniter.php(509): CodeIgniter\CodeIgniter->runController(Object(App\Controllers\Home))
 8 SYSTEMPATH\CodeIgniter.php(355): CodeIgniter\CodeIgniter->handleRequest(null, Object(Config\Cache), false)
 9 SYSTEMPATH\Boot.php(312): CodeIgniter\CodeIgniter->run()
10 SYSTEMPATH\Boot.php(67): CodeIgniter\Boot::runCodeIgniter(Object(CodeIgniter\CodeIgniter))
11 FCPATH\index.php(56): CodeIgniter\Boot::bootWeb(Object(Config\Paths))
CRITICAL - 2024-06-02 01:19:00 --> CodeIgniter\View\Exceptions\ViewException: Invalid file: "productos/index.php"
[Method: GET, Route: /]
in SYSTEMPATH\Exceptions\FrameworkException.php on line 41.
 1 SYSTEMPATH\View\View.php(222): CodeIgniter\Exceptions\FrameworkException::forInvalidFile('productos/index.php')
 2 SYSTEMPATH\Common.php(1171): CodeIgniter\View\View->render('productos/index', [], true)
 3 APPPATH\Controllers\Home.php(9): view('productos/index')
 4 SYSTEMPATH\CodeIgniter.php(933): App\Controllers\Home->index()
 5 SYSTEMPATH\CodeIgniter.php(509): CodeIgniter\CodeIgniter->runController(Object(App\Controllers\Home))
 6 SYSTEMPATH\CodeIgniter.php(355): CodeIgniter\CodeIgniter->handleRequest(null, Object(Config\Cache), false)
 7 SYSTEMPATH\Boot.php(312): CodeIgniter\CodeIgniter->run()
 8 SYSTEMPATH\Boot.php(67): CodeIgniter\Boot::runCodeIgniter(Object(CodeIgniter\CodeIgniter))
 9 FCPATH\index.php(56): CodeIgniter\Boot::bootWeb(Object(Config\Paths))
CRITICAL - 2024-06-02 01:19:19 --> ErrorException: Undefined variable $cabezera
[Method: GET, Route: /]
in APPPATH\Views\productos\crear.php on line 1.
 1 APPPATH\Views\productos\crear.php(1): CodeIgniter\Debug\Exceptions->errorHandler(2, 'Undefined variable $cabezera', 'C:\\xampp\\htdocs\\proyecto\\carrito\\app\\Views\\productos\\crear.php', 1)
 2 SYSTEMPATH\View\View.php(234): include('C:\\xampp\\htdocs\\proyecto\\carrito\\app\\Views\\productos\\crear.php')
 3 SYSTEMPATH\View\View.php(237): CodeIgniter\View\View->CodeIgniter\View\{closure}()
 4 SYSTEMPATH\Common.php(1171): CodeIgniter\View\View->render('productos/crear', [], true)
 5 APPPATH\Controllers\Home.php(9): view('productos/crear')
 6 SYSTEMPATH\CodeIgniter.php(933): App\Controllers\Home->index()
 7 SYSTEMPATH\CodeIgniter.php(509): CodeIgniter\CodeIgniter->runController(Object(App\Controllers\Home))
 8 SYSTEMPATH\CodeIgniter.php(355): CodeIgniter\CodeIgniter->handleRequest(null, Object(Config\Cache), false)
 9 SYSTEMPATH\Boot.php(312): CodeIgniter\CodeIgniter->run()
10 SYSTEMPATH\Boot.php(67): CodeIgniter\Boot::runCodeIgniter(Object(CodeIgniter\CodeIgniter))
11 FCPATH\index.php(56): CodeIgniter\Boot::bootWeb(Object(Config\Paths))
CRITICAL - 2024-06-02 01:39:27 --> ErrorException: Undefined variable $cabezera
[Method: GET, Route: /]
in APPPATH\Views\productos\crear.php on line 1.
 1 APPPATH\Views\productos\crear.php(1): CodeIgniter\Debug\Exceptions->errorHandler(2, 'Undefined variable $cabezera', 'C:\\xampp\\htdocs\\proyecto\\carrito\\app\\Views\\productos\\crear.php', 1)
 2 SYSTEMPATH\View\View.php(234): include('C:\\xampp\\htdocs\\proyecto\\carrito\\app\\Views\\productos\\crear.php')
 3 SYSTEMPATH\View\View.php(237): CodeIgniter\View\View->CodeIgniter\View\{closure}()
 4 SYSTEMPATH\Common.php(1171): CodeIgniter\View\View->render('productos/crear', [], true)
 5 APPPATH\Controllers\Home.php(9): view('productos/crear')
 6 SYSTEMPATH\CodeIgniter.php(933): App\Controllers\Home->index()
 7 SYSTEMPATH\CodeIgniter.php(509): CodeIgniter\CodeIgniter->runController(Object(App\Controllers\Home))
 8 SYSTEMPATH\CodeIgniter.php(355): CodeIgniter\CodeIgniter->handleRequest(null, Object(Config\Cache), false)
 9 SYSTEMPATH\Boot.php(312): CodeIgniter\CodeIgniter->run()
10 SYSTEMPATH\Boot.php(67): CodeIgniter\Boot::runCodeIgniter(Object(CodeIgniter\CodeIgniter))
11 FCPATH\index.php(56): CodeIgniter\Boot::bootWeb(Object(Config\Paths))
